  Using bundled DotNet SDK
  Log file: C:\Users\micae\AppData\Local\UnrealBuildTool\Log.txt
  Using 'git status' to determine working set for adaptive non-unity build (D:\AA Facu\Unreal\MemoryColor_Benitez).
  Building MemoryColor_BenitezEditor...
  Using Visual Studio 2019 14.29.30146 toolchain (C:\Program Files (x86)\Microsoft Visual Studio\2019\Community\VC\Tools\MSVC\14.29.30133) and Windows 10.0.19041.0 SDK (C:\Program Files (x86)\Windows Kits\10).
  Determining max actions to execute in parallel (4 physical cores, 8 logical cores)
    Executing up to 4 processes, one per physical core
  Building 6 actions with 4 processes...
  [1/6] Compile MemoryColor_Benitez.init.gen.cpp
  [2/6] Compile ColorComander.gen.cpp
  [3/6] Compile ColorComander.cpp
D:\AA Facu\Unreal\MemoryColor_Benitez\MemoryColor_Benitez\Source\MemoryColor_Benitez\ColorComander.cpp(13): warning C4996: 'UObject::CreateAbstractDefaultSubobject': CreateAbstract did not work as intended and has been deprecated in favor of CreateDefaultObject Please update your code to the new API before upgrading to the next release, otherwise your project will no longer compile.
D:\AA Facu\Unreal\MemoryColor_Benitez\MemoryColor_Benitez\Source\MemoryColor_Benitez\ColorComander.cpp(16): warning C4996: 'UObject::CreateAbstractDefaultSubobject': CreateAbstract did not work as intended and has been deprecated in favor of CreateDefaultObject Please update your code to the new API before upgrading to the next release, otherwise your project will no longer compile.
D:\AA Facu\Unreal\MemoryColor_Benitez\MemoryColor_Benitez\Source\MemoryColor_Benitez\ColorComander.cpp(19): warning C4996: 'UObject::CreateAbstractDefaultSubobject': CreateAbstract did not work as intended and has been deprecated in favor of CreateDefaultObject Please update your code to the new API before upgrading to the next release, otherwise your project will no longer compile.
D:\AA Facu\Unreal\MemoryColor_Benitez\MemoryColor_Benitez\Source\MemoryColor_Benitez\ColorComander.cpp(22): warning C4996: 'UObject::CreateAbstractDefaultSubobject': CreateAbstract did not work as intended and has been deprecated in favor of CreateDefaultObject Please update your code to the new API before upgrading to the next release, otherwise your project will no longer compile.
  [4/6] Link UnrealEditor-MemoryColor_Benitez.lib
     Creando biblioteca D:\AA Facu\Unreal\MemoryColor_Benitez\MemoryColor_Benitez\Intermediate\Build\Win64\UnrealEditor\Development\MemoryColor_Benitez\UnrealEditor-MemoryColor_Benitez.lib y objeto D:\AA Facu\Unreal\MemoryColor_Benitez\MemoryColor_Benitez\Intermediate\Build\Win64\UnrealEditor\Development\MemoryColor_Benitez\UnrealEditor-MemoryColor_Benitez.exp
  [5/6] Link UnrealEditor-MemoryColor_Benitez.dll
     Creando biblioteca D:\AA Facu\Unreal\MemoryColor_Benitez\MemoryColor_Benitez\Intermediate\Build\Win64\UnrealEditor\Development\MemoryColor_Benitez\UnrealEditor-MemoryColor_Benitez.suppressed.lib y objeto D:\AA Facu\Unreal\MemoryColor_Benitez\MemoryColor_Benitez\Intermediate\Build\Win64\UnrealEditor\Development\MemoryColor_Benitez\UnrealEditor-MemoryColor_Benitez.suppressed.exp
  [6/6] WriteMetadata MemoryColor_BenitezEditor.target
  Total time in Parallel executor: 118.95 seconds
  Total execution time: 119.54 seconds
