Containers:
  [+] MainContainer:
   |            ID: 0x0000000000000000
   |        Bounds: IsValid=false, Min=(X=0.000 Y=0.000 Z=0.000), Max=(X=0.000 Y=0.000 Z=0.000)
   |     Transform: 0.000000,0.000000,0.000000|0.000000,0.000000,-0.000000|1.000000,1.000000,1.000000
   |     Container: /Game/MemoryColor/Maps/Level00
   |  ActorDescs:
   |      - Guid:035C0FBC4D39E1D32F51F78146D01E40 Class:SkyAtmosphere Name:SkyAtmosphere_0 SpatiallyLoaded:false Bounds:IsValid=true, Min=(X=0.000 Y=0.000 Z=1020.000), Max=(X=0.000 Y=0.000 Z=1020.000) RuntimeGrid:None EditorOnly:false LevelBoundsRelevant:false HLODRelevant:false FolderPath:Lighting FolderGuid:0BA5F0A04EADB18E70D5B180D08FA34B Parent:00000000000000000000000000000000
   |      - Guid:25F724994B5A7F839C72678D54D061A9 Class:StaticMeshActor Name:StaticMeshActor_0 SpatiallyLoaded:true Bounds:IsValid=true, Min=(X=0.000 Y=0.000 Z=-50.000), Max=(X=3000.000 Y=3500.000 Z=0.000) RuntimeGrid:None EditorOnly:false LevelBoundsRelevant:true HLODRelevant:true FolderPath:Playground FolderGuid:6C02BB504B69D1F3D7A624B130C18E5B Parent:00000000000000000000000000000000
   |      - Guid:2BD0BF504E858A9F13829BA7A91CE535 Class:StaticMeshActor Name:StaticMeshActor_10 SpatiallyLoaded:true Bounds:IsValid=true, Min=(X=2900.000 Y=100.000 Z=0.000), Max=(X=3000.000 Y=3400.000 Z=400.000) RuntimeGrid:None EditorOnly:false LevelBoundsRelevant:true HLODRelevant:true FolderPath:Playground FolderGuid:6C02BB504B69D1F3D7A624B130C18E5B Parent:00000000000000000000000000000000
   |      - Guid:2E02189E45CCFF9F83335A97CD137944 Class:TextRenderActor Name:TextRenderActor_1 SpatiallyLoaded:true Bounds:IsValid=true, Min=(X=-0.100 Y=1100.000 Z=65.013), Max=(X=-0.100 Y=2363.461 Z=215.013) RuntimeGrid:None EditorOnly:false LevelBoundsRelevant:true HLODRelevant:false FolderPath:None FolderGuid:00000000000000000000000000000000 Parent:00000000000000000000000000000000
   |      - Guid:2FE817E54A8C6A0F3E23C3A1AACB6044 Class:StaticMeshActor Name:BP_ColorComander_C_UAID_2C4D544F4610023901_1484311708 SpatiallyLoaded:true Bounds:IsValid=true, Min=(X=1270.000 Y=1370.000 Z=140.000), Max=(X=1570.000 Y=1370.000 Z=440.000) RuntimeGrid:None EditorOnly:false LevelBoundsRelevant:true HLODRelevant:true FolderPath:None FolderGuid:00000000000000000000000000000000 Parent:00000000000000000000000000000000
   |      - Guid:304F13FB4168DEBFD4FADF877A0B156F Class:PlayerStart Name:PlayerStart_0 SpatiallyLoaded:false Bounds:IsValid=true, Min=(X=1360.000 Y=350.000 Z=0.013), Max=(X=1440.000 Y=430.000 Z=184.013) RuntimeGrid:None EditorOnly:false LevelBoundsRelevant:true HLODRelevant:false FolderPath:None FolderGuid:00000000000000000000000000000000 Parent:00000000000000000000000000000000
   |      - Guid:5E000F0940A584A8EBB810AF73ECF1E5 Class:StaticMeshActor Name:StaticMeshActor_9 SpatiallyLoaded:true Bounds:IsValid=true, Min=(X=-0.000 Y=100.000 Z=0.000), Max=(X=100.000 Y=3400.000 Z=400.000) RuntimeGrid:None EditorOnly:false LevelBoundsRelevant:true HLODRelevant:true FolderPath:Playground FolderGuid:6C02BB504B69D1F3D7A624B130C18E5B Parent:00000000000000000000000000000000
   |      - Guid:5F953E1341AB4CEC414E46A0C0950B0E Class:StaticMeshActor Name:StaticMeshActor_UAID_A4AE111137DC5EFB00_2001720423 SpatiallyLoaded:true Bounds:IsValid=true, Min=(X=-1638400.000 Y=-1638400.000 Z=-1638400.000), Max=(X=1638400.000 Y=1638400.000 Z=1638400.000) RuntimeGrid:None EditorOnly:false LevelBoundsRelevant:true HLODRelevant:true FolderPath:Lighting FolderGuid:0BA5F0A04EADB18E70D5B180D08FA34B Parent:00000000000000000000000000000000
   |      - Guid:65600534437FA2DCE08470B4F2E2CBFC Class:WorldDataLayers Name:WorldDataLayers SpatiallyLoaded:false Bounds:IsValid=true, Min=(X=0.000 Y=0.000 Z=0.000), Max=(X=0.000 Y=0.000 Z=0.000) RuntimeGrid:None EditorOnly:false LevelBoundsRelevant:false HLODRelevant:false FolderPath:None FolderGuid:00000000000000000000000000000000 Parent:00000000000000000000000000000000
   |      - Guid:6A8331EB42C838519D9DA1B8A19D000F Class:StaticMeshActor Name:BP_ColorComanderr_C_UAID_2C4D544F4610043901_1575126056 SpatiallyLoaded:true Bounds:IsValid=true, Min=(X=1350.000 Y=780.000 Z=160.000), Max=(X=1450.000 Y=880.000 Z=260.000) RuntimeGrid:None EditorOnly:false LevelBoundsRelevant:true HLODRelevant:true FolderPath:None FolderGuid:00000000000000000000000000000000 Parent:00000000000000000000000000000000
   |      - Guid:7C12B88942494FA42BEE66B3E5647EBF Class:Actor Name:BP_Rifle_C_1 SpatiallyLoaded:true Bounds:IsValid=true, Min=(X=1352.560 Y=818.000 Z=64.000), Max=(X=1442.000 Y=882.000 Z=128.000) RuntimeGrid:None EditorOnly:false LevelBoundsRelevant:true HLODRelevant:false FolderPath:None FolderGuid:00000000000000000000000000000000 Parent:00000000000000000000000000000000
   |      - Guid:86C1677849A32AF3D66359B790D79B9F Class:StaticMeshActor Name:StaticMeshActor_4 SpatiallyLoaded:true Bounds:IsValid=true, Min=(X=0.000 Y=3400.000 Z=0.000), Max=(X=3000.000 Y=3500.000 Z=400.000) RuntimeGrid:None EditorOnly:false LevelBoundsRelevant:true HLODRelevant:true FolderPath:Playground FolderGuid:6C02BB504B69D1F3D7A624B130C18E5B Parent:00000000000000000000000000000000
   |      - Guid:9D61C415469BE90CC364D1A167939342 Class:StaticMeshActor Name:StaticMeshActor_3 SpatiallyLoaded:true Bounds:IsValid=true, Min=(X=0.000 Y=0.000 Z=0.000), Max=(X=3000.000 Y=100.000 Z=400.000) RuntimeGrid:None EditorOnly:false LevelBoundsRelevant:true HLODRelevant:true FolderPath:Playground FolderGuid:6C02BB504B69D1F3D7A624B130C18E5B Parent:00000000000000000000000000000000
   |      - Guid:ACE9EA82412F6574BA8D7390CFD61D5C Class:ExponentialHeightFog Name:ExponentialHeightFog_0 SpatiallyLoaded:false Bounds:IsValid=true, Min=(X=-5600.000 Y=-50.000 Z=-6850.000), Max=(X=-5600.000 Y=-50.000 Z=-6850.000) RuntimeGrid:None EditorOnly:false LevelBoundsRelevant:false HLODRelevant:false FolderPath:Lighting FolderGuid:0BA5F0A04EADB18E70D5B180D08FA34B Parent:00000000000000000000000000000000
   |      - Guid:AEC3B9564D3DC9022768149F0F204678 Class:VolumetricCloud Name:VolumetricCloud_0 SpatiallyLoaded:false Bounds:IsValid=true, Min=(X=0.000 Y=0.000 Z=820.000), Max=(X=0.000 Y=0.000 Z=820.000) RuntimeGrid:None EditorOnly:false LevelBoundsRelevant:false HLODRelevant:false FolderPath:Lighting FolderGuid:0BA5F0A04EADB18E70D5B180D08FA34B Parent:00000000000000000000000000000000
   |      - Guid:C928E2F340B743023759BFAE4BEC5602 Class:DirectionalLight Name:DirectionalLight_1 SpatiallyLoaded:false Bounds:IsValid=true, Min=(X=-1048576.000 Y=-1048576.000 Z=-1048576.000), Max=(X=1048576.000 Y=1048576.000 Z=1048576.000) RuntimeGrid:None EditorOnly:false LevelBoundsRelevant:false HLODRelevant:false FolderPath:Lighting FolderGuid:0BA5F0A04EADB18E70D5B180D08FA34B Parent:00000000000000000000000000000000
   |      - Guid:CED3FBFD41E0D8BC3C08D68DB55A96DE Class:SkyLight Name:SkyLight_0 SpatiallyLoaded:false Bounds:IsValid=true, Min=(X=0.000 Y=0.000 Z=690.000), Max=(X=0.000 Y=0.000 Z=690.000) RuntimeGrid:None EditorOnly:false LevelBoundsRelevant:false HLODRelevant:false FolderPath:Lighting FolderGuid:0BA5F0A04EADB18E70D5B180D08FA34B Parent:00000000000000000000000000000000
   |      - Guid:DB1EA1A34DD1366DC138339ED77E0AFA Class:PostProcessVolume Name:PostProcessVolume_0 SpatiallyLoaded:false Bounds:IsValid=true, Min=(X=0.000 Y=0.000 Z=400.000), Max=(X=200.000 Y=200.000 Z=600.000) RuntimeGrid:None EditorOnly:false LevelBoundsRelevant:false HLODRelevant:false FolderPath:Lighting FolderGuid:0BA5F0A04EADB18E70D5B180D08FA34B Parent:00000000000000000000000000000000
