[1124/180026.969:WARNING:gpu_process_host.cc(1230)] The GPU process has crashed 1 time(s)
[1124/180026.974:ERROR:network_service_instance_impl.cc(263)] Network service crashed, restarting service.
[1124/180027.006:WARNING:gpu_process_host.cc(1230)] The GPU process has crashed 2 time(s)
[1124/200345.395:WARNING:storage_block-inl.h(146)] Failed data load.
[1124/200345.395:WARNING:storage_block-inl.h(146)] Failed data load.
[1124/200345.395:WARNING:storage_block-inl.h(146)] Failed data load.
[1124/200345.396:WARNING:storage_block-inl.h(146)] Failed data load.
[1124/200345.397:WARNING:storage_block-inl.h(146)] Failed data load.
[1124/200345.397:WARNING:storage_block-inl.h(146)] Failed data load.
[1124/200346.100:WARNING:storage_block-inl.h(146)] Failed data load.
[1124/200346.100:WARNING:storage_block-inl.h(146)] Failed data load.
[1124/200346.100:WARNING:storage_block-inl.h(146)] Failed data load.
[1124/200346.100:WARNING:storage_block-inl.h(146)] Failed data load.
[1124/200346.104:WARNING:storage_block-inl.h(146)] Failed data load.
[1124/200346.104:WARNING:storage_block-inl.h(146)] Failed data load.
[1124/200346.104:WARNING:storage_block-inl.h(146)] Failed data load.
[1124/200346.227:WARNING:storage_block-inl.h(146)] Failed data load.
[1124/200346.227:WARNING:storage_block-inl.h(146)] Failed data load.
[1124/200346.243:WARNING:storage_block-inl.h(146)] Failed data load.
[1124/200346.743:WARNING:storage_block-inl.h(146)] Failed data load.
[1124/200346.744:WARNING:storage_block-inl.h(146)] Failed data load.
[1124/200348.084:WARNING:storage_block-inl.h(146)] Failed data load.
[1124/200348.084:WARNING:storage_block-inl.h(146)] Failed data load.
[1124/200348.086:WARNING:storage_block-inl.h(146)] Failed data load.
[1124/200348.086:WARNING:storage_block-inl.h(146)] Failed data load.
[1124/200348.086:WARNING:storage_block-inl.h(146)] Failed data load.
[1124/200348.086:WARNING:storage_block-inl.h(146)] Failed data load.
[1124/200348.087:WARNING:storage_block-inl.h(146)] Failed data load.
[1124/200348.087:WARNING:storage_block-inl.h(146)] Failed data load.
[1124/200348.089:WARNING:storage_block-inl.h(146)] Failed data load.
[1124/200348.708:WARNING:storage_block-inl.h(146)] Failed data load.
[1124/200349.200:WARNING:storage_block-inl.h(146)] Failed data load.
[1124/200349.263:WARNING:storage_block-inl.h(146)] Failed data load.
[1124/200349.645:WARNING:storage_block-inl.h(146)] Failed data load.
[1124/200349.645:WARNING:storage_block-inl.h(146)] Failed data load.
[1124/200349.645:WARNING:storage_block-inl.h(146)] Failed data load.
[1124/200349.645:WARNING:storage_block-inl.h(146)] Failed data load.
[1124/200349.645:WARNING:storage_block-inl.h(146)] Failed data load.
[1124/200349.645:WARNING:storage_block-inl.h(146)] Failed data load.
[1124/200349.645:WARNING:storage_block-inl.h(146)] Failed data load.
[1124/200349.645:WARNING:storage_block-inl.h(146)] Failed data load.
[1124/200349.646:WARNING:storage_block-inl.h(146)] Failed data load.
[1124/200349.646:WARNING:storage_block-inl.h(146)] Failed data load.
[1124/200349.646:WARNING:storage_block-inl.h(146)] Failed data load.
[1124/200349.646:WARNING:storage_block-inl.h(146)] Failed data load.
[1124/200349.646:WARNING:storage_block-inl.h(146)] Failed data load.
[1124/200349.646:WARNING:storage_block-inl.h(146)] Failed data load.
[1124/200349.646:WARNING:storage_block-inl.h(146)] Failed data load.
[1124/200349.646:WARNING:storage_block-inl.h(146)] Failed data load.
[1124/200349.646:WARNING:storage_block-inl.h(146)] Failed data load.
[1124/200349.646:WARNING:storage_block-inl.h(146)] Failed data load.
[1124/200349.646:WARNING:storage_block-inl.h(146)] Failed data load.
[1124/200349.646:WARNING:storage_block-inl.h(146)] Failed data load.
[1124/200349.646:WARNING:storage_block-inl.h(146)] Failed data load.
[1124/200349.646:WARNING:storage_block-inl.h(146)] Failed data load.
[1124/200349.646:WARNING:storage_block-inl.h(146)] Failed data load.
[1124/200349.646:WARNING:storage_block-inl.h(146)] Failed data load.
[1124/200349.646:WARNING:storage_block-inl.h(146)] Failed data load.
[1124/200349.646:WARNING:storage_block-inl.h(146)] Failed data load.
[1124/200349.646:WARNING:storage_block-inl.h(146)] Failed data load.
[1124/200349.646:WARNING:storage_block-inl.h(146)] Failed data load.
[1124/200349.646:WARNING:storage_block-inl.h(146)] Failed data load.
[1124/200349.646:WARNING:storage_block-inl.h(146)] Failed data load.
[1124/200349.646:WARNING:storage_block-inl.h(146)] Failed data load.
[1124/200349.646:WARNING:storage_block-inl.h(146)] Failed data load.
[1124/200349.647:WARNING:storage_block-inl.h(146)] Failed data load.
[1124/200349.647:WARNING:storage_block-inl.h(146)] Failed data load.
[1124/200349.647:WARNING:storage_block-inl.h(146)] Failed data load.
[1124/200349.647:WARNING:storage_block-inl.h(146)] Failed data load.
[1124/200349.647:WARNING:storage_block-inl.h(146)] Failed data load.
[1124/200349.647:WARNING:storage_block-inl.h(146)] Failed data load.
[1124/200349.647:WARNING:storage_block-inl.h(146)] Failed data load.
[1124/200349.647:WARNING:storage_block-inl.h(146)] Failed data load.
[1124/200349.647:WARNING:storage_block-inl.h(146)] Failed data load.
[1124/200349.647:WARNING:storage_block-inl.h(146)] Failed data load.
[1124/200349.647:WARNING:storage_block-inl.h(146)] Failed data load.
[1124/200349.647:WARNING:storage_block-inl.h(146)] Failed data load.
[1124/200349.647:WARNING:storage_block-inl.h(146)] Failed data load.
[1124/200349.647:WARNING:storage_block-inl.h(146)] Failed data load.
[1124/200349.647:WARNING:storage_block-inl.h(146)] Failed data load.
[1124/200349.647:WARNING:storage_block-inl.h(146)] Failed data load.
[1124/200349.647:WARNING:storage_block-inl.h(146)] Failed data load.
[1124/200349.647:WARNING:storage_block-inl.h(146)] Failed data load.
[1124/200349.647:WARNING:storage_block-inl.h(146)] Failed data load.
[1124/200349.647:WARNING:storage_block-inl.h(146)] Failed data load.
[1124/200349.647:WARNING:storage_block-inl.h(146)] Failed data load.
[1124/200349.647:WARNING:storage_block-inl.h(146)] Failed data load.
[1124/200349.647:WARNING:storage_block-inl.h(146)] Failed data load.
[1124/200349.647:WARNING:storage_block-inl.h(146)] Failed data load.
[1124/200349.648:WARNING:storage_block-inl.h(146)] Failed data load.
[1124/200349.648:WARNING:storage_block-inl.h(146)] Failed data load.
[1124/200349.648:WARNING:storage_block-inl.h(146)] Failed data load.
[1124/200349.648:WARNING:storage_block-inl.h(146)] Failed data load.
[1124/200349.648:WARNING:storage_block-inl.h(146)] Failed data load.
[1124/200349.648:WARNING:storage_block-inl.h(146)] Failed data load.
[1124/200349.648:WARNING:storage_block-inl.h(146)] Failed data load.
[1124/200349.648:WARNING:storage_block-inl.h(146)] Failed data load.
[1124/200349.710:WARNING:storage_block-inl.h(146)] Failed data load.
[1124/200349.746:WARNING:storage_block-inl.h(146)] Failed data load.
[1124/200349.776:WARNING:storage_block-inl.h(146)] Failed data load.
[1124/200349.823:WARNING:storage_block-inl.h(146)] Failed data load.
[1124/200349.856:WARNING:storage_block-inl.h(146)] Failed data load.
[1124/200349.893:WARNING:storage_block-inl.h(146)] Failed data load.
[1124/200349.938:WARNING:storage_block-inl.h(146)] Failed data load.
[1124/200349.965:WARNING:storage_block-inl.h(146)] Failed data load.
[1124/200350.005:WARNING:storage_block-inl.h(146)] Failed data load.
[1124/200350.030:WARNING:storage_block-inl.h(146)] Failed data load.
[1124/200350.095:WARNING:storage_block-inl.h(146)] Failed data load.
[1124/200350.130:WARNING:storage_block-inl.h(146)] Failed data load.
[1124/200350.204:WARNING:storage_block-inl.h(146)] Failed data load.
[1124/200350.226:WARNING:storage_block-inl.h(146)] Failed data load.
[1124/200350.269:WARNING:storage_block-inl.h(146)] Failed data load.
[1124/200350.294:WARNING:storage_block-inl.h(146)] Failed data load.
[1124/200350.299:WARNING:storage_block-inl.h(146)] Failed data load.
[1124/200350.313:WARNING:storage_block-inl.h(146)] Failed data load.
[1124/200350.342:WARNING:storage_block-inl.h(146)] Failed data load.
[1124/200350.363:WARNING:storage_block-inl.h(146)] Failed data load.
[1124/200350.413:WARNING:storage_block-inl.h(146)] Failed data load.
[1124/200350.466:WARNING:storage_block-inl.h(146)] Failed data load.
[1124/200350.496:WARNING:storage_block-inl.h(146)] Failed data load.
[1124/200350.514:WARNING:storage_block-inl.h(146)] Failed data load.
[1124/200350.518:WARNING:storage_block-inl.h(146)] Failed data load.
[1124/200350.521:WARNING:storage_block-inl.h(146)] Failed data load.
[1124/200350.544:WARNING:storage_block-inl.h(146)] Failed data load.
[1124/200350.544:WARNING:storage_block-inl.h(146)] Failed data load.
[1124/200350.548:WARNING:storage_block-inl.h(146)] Failed data load.
[1124/200350.677:WARNING:storage_block-inl.h(146)] Failed data load.
[1124/200350.718:WARNING:storage_block-inl.h(146)] Failed data load.
[1124/200350.729:WARNING:storage_block-inl.h(146)] Failed data load.
[1124/200350.734:WARNING:storage_block-inl.h(146)] Failed data load.
[1124/200350.738:WARNING:storage_block-inl.h(146)] Failed data load.
[1124/200350.763:WARNING:storage_block-inl.h(146)] Failed data load.
[1124/200350.783:WARNING:storage_block-inl.h(146)] Failed data load.
[1124/200350.789:WARNING:storage_block-inl.h(146)] Failed data load.
[1124/200350.821:WARNING:storage_block-inl.h(146)] Failed data load.
[1124/200350.855:WARNING:storage_block-inl.h(146)] Failed data load.
[1124/200350.861:WARNING:storage_block-inl.h(146)] Failed data load.
[1124/200350.865:WARNING:storage_block-inl.h(146)] Failed data load.
[1124/200350.868:WARNING:storage_block-inl.h(146)] Failed data load.
[1124/200350.887:WARNING:storage_block-inl.h(146)] Failed data load.
[1124/200350.890:WARNING:storage_block-inl.h(146)] Failed data load.
[1124/200350.913:WARNING:storage_block-inl.h(146)] Failed data load.
[1124/200350.916:WARNING:storage_block-inl.h(146)] Failed data load.
[1124/200350.933:WARNING:storage_block-inl.h(146)] Failed data load.
[1124/200350.936:WARNING:storage_block-inl.h(146)] Failed data load.
[1124/200350.936:WARNING:storage_block-inl.h(146)] Failed data load.
[1124/200350.954:WARNING:storage_block-inl.h(146)] Failed data load.
[1124/200350.954:WARNING:storage_block-inl.h(146)] Failed data load.
[1124/200350.966:WARNING:storage_block-inl.h(146)] Failed data load.
[1124/200350.970:WARNING:storage_block-inl.h(146)] Failed data load.
[1124/200350.973:WARNING:storage_block-inl.h(146)] Failed data load.
[1124/200350.977:WARNING:storage_block-inl.h(146)] Failed data load.
[1124/200350.980:WARNING:storage_block-inl.h(146)] Failed data load.
[1124/200350.980:WARNING:storage_block-inl.h(146)] Failed data load.
[1124/200350.980:WARNING:storage_block-inl.h(146)] Failed data load.
[1124/200350.980:WARNING:storage_block-inl.h(146)] Failed data load.
[1124/200350.980:WARNING:storage_block-inl.h(146)] Failed data load.
[1124/200350.980:WARNING:storage_block-inl.h(146)] Failed data load.
[1124/200350.980:WARNING:storage_block-inl.h(146)] Failed data load.
[1124/200350.980:WARNING:storage_block-inl.h(146)] Failed data load.
[1124/200350.980:WARNING:storage_block-inl.h(146)] Failed data load.
[1124/200350.980:WARNING:storage_block-inl.h(146)] Failed data load.
[1124/200350.980:WARNING:storage_block-inl.h(146)] Failed data load.
[1124/200350.980:WARNING:storage_block-inl.h(146)] Failed data load.
[1124/200350.981:WARNING:storage_block-inl.h(146)] Failed data load.
[1124/200350.981:WARNING:storage_block-inl.h(146)] Failed data load.
[1124/200350.981:WARNING:storage_block-inl.h(146)] Failed data load.
[1124/200350.981:WARNING:storage_block-inl.h(146)] Failed data load.
[1124/200350.981:WARNING:storage_block-inl.h(146)] Failed data load.
[1124/200350.981:WARNING:storage_block-inl.h(146)] Failed data load.
[1124/200350.981:WARNING:storage_block-inl.h(146)] Failed data load.
[1124/200350.981:WARNING:storage_block-inl.h(146)] Failed data load.
[1124/200350.981:WARNING:storage_block-inl.h(146)] Failed data load.
[1124/200350.981:WARNING:storage_block-inl.h(146)] Failed data load.
[1124/200350.981:WARNING:storage_block-inl.h(146)] Failed data load.
[1124/200350.981:WARNING:storage_block-inl.h(146)] Failed data load.
[1124/200350.981:WARNING:storage_block-inl.h(146)] Failed data load.
[1124/200350.981:WARNING:storage_block-inl.h(146)] Failed data load.
[1124/200350.981:WARNING:storage_block-inl.h(146)] Failed data load.
[1124/200350.981:WARNING:storage_block-inl.h(146)] Failed data load.
[1124/200350.981:WARNING:storage_block-inl.h(146)] Failed data load.
[1124/200350.982:WARNING:storage_block-inl.h(146)] Failed data load.
[1124/200350.982:WARNING:storage_block-inl.h(146)] Failed data load.
[1124/200350.982:WARNING:storage_block-inl.h(146)] Failed data load.
[1124/200350.982:WARNING:storage_block-inl.h(146)] Failed data load.
[1124/200350.982:WARNING:storage_block-inl.h(146)] Failed data load.
[1124/200350.982:WARNING:storage_block-inl.h(146)] Failed data load.
[1124/200350.982:WARNING:storage_block-inl.h(146)] Failed data load.
[1124/200350.982:WARNING:storage_block-inl.h(146)] Failed data load.
[1124/200350.982:WARNING:storage_block-inl.h(146)] Failed data load.
[1124/200350.982:WARNING:storage_block-inl.h(146)] Failed data load.
[1124/200350.982:WARNING:storage_block-inl.h(146)] Failed data load.
[1124/200350.982:WARNING:storage_block-inl.h(146)] Failed data load.
[1124/200351.070:WARNING:storage_block-inl.h(146)] Failed data load.
[1124/200351.070:WARNING:storage_block-inl.h(146)] Failed data load.
[1124/200351.074:WARNING:storage_block-inl.h(146)] Failed data load.
[1124/200351.091:WARNING:storage_block-inl.h(146)] Failed data load.
[1124/200351.091:WARNING:storage_block-inl.h(146)] Failed data load.
[1124/200351.091:WARNING:storage_block-inl.h(146)] Failed data load.
[1124/200351.092:WARNING:storage_block-inl.h(146)] Failed data load.
[1124/200351.109:WARNING:storage_block-inl.h(146)] Failed data load.
[1124/200351.109:WARNING:storage_block-inl.h(146)] Failed data load.
[1124/200351.109:WARNING:storage_block-inl.h(146)] Failed data load.
[1124/200351.109:WARNING:storage_block-inl.h(146)] Failed data load.
[1124/200351.109:WARNING:storage_block-inl.h(146)] Failed data load.
[1124/200351.109:WARNING:storage_block-inl.h(146)] Failed data load.
[1124/200351.109:WARNING:storage_block-inl.h(146)] Failed data load.
[1124/200351.109:WARNING:storage_block-inl.h(146)] Failed data load.
[1124/200351.109:WARNING:storage_block-inl.h(146)] Failed data load.
[1124/200351.109:WARNING:storage_block-inl.h(146)] Failed data load.
[1124/200351.109:WARNING:storage_block-inl.h(146)] Failed data load.
[1124/200351.109:WARNING:storage_block-inl.h(146)] Failed data load.
[1124/200351.110:WARNING:storage_block-inl.h(146)] Failed data load.
[1124/200351.110:WARNING:storage_block-inl.h(146)] Failed data load.
[1124/200351.110:WARNING:storage_block-inl.h(146)] Failed data load.
[1124/200351.111:WARNING:storage_block-inl.h(146)] Failed data load.
[1124/200351.111:WARNING:storage_block-inl.h(146)] Failed data load.
[1124/200351.111:WARNING:storage_block-inl.h(146)] Failed data load.
[1124/200351.111:WARNING:storage_block-inl.h(146)] Failed data load.
[1124/200351.112:WARNING:storage_block-inl.h(146)] Failed data load.
[1124/200351.153:WARNING:storage_block-inl.h(146)] Failed data load.
[1124/200351.153:WARNING:storage_block-inl.h(146)] Failed data load.
[1124/200351.154:WARNING:storage_block-inl.h(146)] Failed data load.
[1124/200351.154:WARNING:storage_block-inl.h(146)] Failed data load.
[1124/200351.154:WARNING:storage_block-inl.h(146)] Failed data load.
[1124/200351.154:WARNING:storage_block-inl.h(146)] Failed data load.
[1124/200351.162:WARNING:storage_block-inl.h(146)] Failed data load.
[1124/200351.163:WARNING:storage_block-inl.h(146)] Failed data load.
[1124/200351.163:WARNING:storage_block-inl.h(146)] Failed data load.
[1124/200351.163:WARNING:storage_block-inl.h(146)] Failed data load.
[1124/200351.163:WARNING:storage_block-inl.h(146)] Failed data load.
[1124/200351.163:WARNING:storage_block-inl.h(146)] Failed data load.
[1124/200351.163:WARNING:storage_block-inl.h(146)] Failed data load.
[1124/200351.163:WARNING:storage_block-inl.h(146)] Failed data load.
[1124/200351.163:WARNING:storage_block-inl.h(146)] Failed data load.
[1124/200351.163:WARNING:storage_block-inl.h(146)] Failed data load.
[1124/200351.164:WARNING:storage_block-inl.h(146)] Failed data load.
[1124/200351.164:WARNING:storage_block-inl.h(146)] Failed data load.
[1124/200351.165:WARNING:storage_block-inl.h(146)] Failed data load.
[1124/200351.165:WARNING:storage_block-inl.h(146)] Failed data load.
[1124/200351.175:WARNING:storage_block-inl.h(146)] Failed data load.
[1124/200351.175:WARNING:storage_block-inl.h(146)] Failed data load.
[1124/200351.176:WARNING:storage_block-inl.h(146)] Failed data load.
[1124/200351.176:WARNING:storage_block-inl.h(146)] Failed data load.
[1124/200351.224:WARNING:storage_block-inl.h(146)] Failed data load.
[1124/200351.225:WARNING:storage_block-inl.h(146)] Failed data load.
[1124/200351.225:WARNING:storage_block-inl.h(146)] Failed data load.
[1124/200351.226:WARNING:storage_block-inl.h(146)] Failed data load.
[1124/200351.230:WARNING:storage_block-inl.h(146)] Failed data load.
[1124/200351.230:WARNING:storage_block-inl.h(146)] Failed data load.
[1124/200351.230:WARNING:storage_block-inl.h(146)] Failed data load.
[1124/200351.231:WARNING:storage_block-inl.h(146)] Failed data load.
[1124/200351.231:WARNING:storage_block-inl.h(146)] Failed data load.
[1124/200351.231:WARNING:storage_block-inl.h(146)] Failed data load.
[1124/200351.232:WARNING:storage_block-inl.h(146)] Failed data load.
[1124/200351.232:WARNING:storage_block-inl.h(146)] Failed data load.
[1124/200351.232:WARNING:storage_block-inl.h(146)] Failed data load.
[1124/200351.233:WARNING:storage_block-inl.h(146)] Failed data load.
[1124/200351.233:WARNING:storage_block-inl.h(146)] Failed data load.
[1124/200351.233:WARNING:storage_block-inl.h(146)] Failed data load.
[1124/200351.256:WARNING:storage_block-inl.h(146)] Failed data load.
[1124/200351.256:WARNING:storage_block-inl.h(146)] Failed data load.
[1124/200351.257:WARNING:storage_block-inl.h(146)] Failed data load.
[1124/200351.257:WARNING:storage_block-inl.h(146)] Failed data load.
[1124/200351.257:WARNING:storage_block-inl.h(146)] Failed data load.
[1124/200351.258:WARNING:storage_block-inl.h(146)] Failed data load.
[1124/200351.258:WARNING:storage_block-inl.h(146)] Failed data load.
[1124/200351.259:WARNING:storage_block-inl.h(146)] Failed data load.
[1124/200351.259:WARNING:storage_block-inl.h(146)] Failed data load.
[1124/200351.259:WARNING:storage_block-inl.h(146)] Failed data load.
[1124/200351.260:WARNING:storage_block-inl.h(146)] Failed data load.
[1124/200351.260:WARNING:storage_block-inl.h(146)] Failed data load.
[1124/200351.261:WARNING:storage_block-inl.h(146)] Failed data load.
[1124/200351.261:WARNING:storage_block-inl.h(146)] Failed data load.
[1124/200351.263:WARNING:storage_block-inl.h(146)] Failed data load.
[1124/200351.263:WARNING:storage_block-inl.h(146)] Failed data load.
[1124/200351.263:WARNING:storage_block-inl.h(146)] Failed data load.
[1124/200351.264:WARNING:storage_block-inl.h(146)] Failed data load.
[1124/200351.430:WARNING:storage_block-inl.h(146)] Failed data load.
[1124/200351.430:ERROR:backend_impl.cc(1041)] Critical error found -8
[1124/200351.431:WARNING:storage_block-inl.h(146)] Failed data load.
[1124/200351.431:WARNING:storage_block-inl.h(146)] Failed data load.
[1124/200351.431:ERROR:entry_impl.cc(1076)] No file for c10300c4
[1124/200351.431:WARNING:storage_block-inl.h(146)] Failed data load.
[1124/200351.435:WARNING:storage_block-inl.h(146)] Failed data load.
